<?xml version="1.0" encoding="UTF-8"?>
<!-- Generated by org.testng.reporters.JUnitReportReporter -->
<testsuite hostname="LAPTOP-4H0UL17E" failures="0" tests="1" name="mobile.calculator" time="56.158" errors="0" timestamp="2021-02-15T11:12:23 IST" skipped="0">
  <testcase classname="mobile.calculator" name="calc" time="56.158"/>
</testsuite> <!-- mobile.calculator -->
