<?xml version="1.0" encoding="UTF-8"?>
<!-- Generated by org.testng.reporters.JUnitReportReporter -->
<testsuite hostname="LAPTOP-4H0UL17E" failures="0" tests="1" name="testPractice.DateFuntion" time="0.093" errors="0" timestamp="2021-10-31T10:00:28 IST" skipped="0">
  <testcase classname="testPractice.DateFuntion" name="m" time="0.093"/>
</testsuite> <!-- testPractice.DateFuntion -->
