<?xml version="1.0" encoding="UTF-8"?>
<!-- Generated by org.testng.reporters.JUnitReportReporter -->
<testsuite hostname="LAPTOP-4H0UL17E" failures="0" tests="1" name="testPractice.whatsappTest" time="3.961" errors="0" timestamp="2021-10-29T10:53:53 IST" skipped="0">
  <testcase classname="testPractice.whatsappTest" name="f" time="3.961"/>
</testsuite> <!-- testPractice.whatsappTest -->
