<?xml version="1.0" encoding="UTF-8"?>
<!-- Generated by org.testng.reporters.JUnitReportReporter -->
<testsuite hostname="LAPTOP-4H0UL17E" failures="0" tests="1" name="testPractice.Test2" time="0.018" errors="0" timestamp="2022-02-06T12:24:17 IST" skipped="0">
  <testcase classname="testPractice.Test2" name="m2" time="0.018"/>
</testsuite> <!-- testPractice.Test2 -->
