<?xml version="1.0" encoding="UTF-8"?>
<!-- Generated by org.testng.reporters.JUnitReportReporter -->
<testsuite hostname="LAPTOP-4H0UL17E" failures="0" tests="1" name="testPractice.ReadTestData" time="1.622" errors="0" timestamp="2021-11-04T13:26:05 IST" skipped="0">
  <testcase classname="testPractice.ReadTestData" name="m1" time="1.622"/>
</testsuite> <!-- testPractice.ReadTestData -->
