<?xml version="1.0" encoding="UTF-8"?>
<!-- Generated by org.testng.reporters.JUnitReportReporter -->
<testsuite hostname="LAPTOP-4H0UL17E" failures="0" tests="1" name="utilities.readExcelFillo" time="1.256" errors="0" timestamp="2021-11-03T08:16:00 IST" skipped="0">
  <testcase classname="utilities.readExcelFillo" name="readFile" time="1.256"/>
</testsuite> <!-- utilities.readExcelFillo -->
